# JRE version: Java(TM) SE Runtime Environment (20.0.1+9) (build 20.0.1+9-29)
# Java VM: Java HotSpot(TM) 64-Bit Server VM (20.0.1+9-29, mixed mode, sharing, tiered, compressed oops, compressed class ptrs, g1 gc, windows-amd64)
GC Precious Log:
 CardTable entry size: 512
 Card Set container configuration: InlinePtr #cards 5 size 8 Array Of Cards #cards 12 size 40 Howl #buckets 4 coarsen threshold 1843 Howl Bitmap #cards 512 size 80 coarsen threshold 460 Card regions per heap region 1 cards per card region 2048
 CPUs: 4 total, 4 available
 Memory: 3980M
 Large Page Support: Disabled
 NUMA Support: Disabled
 Compressed Oops: Enabled (32-bit)
 Heap Region Size: 1M
 Heap Min Capacity: 8M
 Heap Initial Capacity: 64M
 Heap Max Capacity: 996M
 Pre-touch: Disabled
 Parallel Workers: 4
 Concurrent Workers: 1
 Concurrent Refinement Workers: 4
 Periodic GC: Disabled
Heap:
 garbage-first heap   total 150528K, used 132720K [0x00000000c1c00000, 0x0000000100000000)
  region size 1024K, 12 young (12288K), 3 survivors (3072K)
 Metaspace       used 11383K, committed 11776K, reserved 1114112K
  class space    used 1414K, committed 1600K, reserved 1048576K
GC Heap History (20 events):
Event: 7.482 GC heap before
{Heap before GC invocations=14 (full 0):
 garbage-first heap   total 94208K, used 80781K [0x00000000c1c00000, 0x0000000100000000)
  region size 1024K, 21 young (21504K), 3 survivors (3072K)
 Metaspace       used 11154K, committed 11520K, reserved 1114112K
  class space    used 1413K, committed 1600K, reserved 1048576K
}
Event: 7.487 GC heap after
{Heap after GC invocations=15 (full 0):
 garbage-first heap   total 113664K, used 67893K [0x00000000c1c00000, 0x0000000100000000)
  region size 1024K, 3 young (3072K), 3 survivors (3072K)
 Metaspace       used 11154K, committed 11520K, reserved 1114112K
  class space    used 1413K, committed 1600K, reserved 1048576K
}
Event: 8.081 GC heap before
{Heap before GC invocations=16 (full 0):
 garbage-first heap   total 119808K, used 95541K [0x00000000c1c00000, 0x0000000100000000)
  region size 1024K, 30 young (30720K), 3 survivors (3072K)
 Metaspace       used 11192K, committed 11584K, reserved 1114112K
  class space    used 1414K, committed 1600K, reserved 1048576K
}
Event: 8.088 GC heap after
{Heap after GC invocations=17 (full 0):
 garbage-first heap   total 119808K, used 75020K [0x00000000c1c00000, 0x0000000100000000)
  region size 1024K, 4 young (4096K), 4 survivors (4096K)
 Metaspace       used 11192K, committed 11584K, reserved 1114112K
  class space    used 1414K, committed 1600K, reserved 1048576K
}
Event: 8.775 GC heap before
{Heap before GC invocations=17 (full 0):
 garbage-first heap   total 119808K, used 101644K [0x00000000c1c00000, 0x0000000100000000)
  region size 1024K, 30 young (30720K), 4 survivors (4096K)
 Metaspace       used 11199K, committed 11584K, reserved 1114112K
  class space    used 1414K, committed 1600K, reserved 1048576K
}
Event: 8.788 GC heap after
{Heap after GC invocations=18 (full 0):
 garbage-first heap   total 119808K, used 81270K [0x00000000c1c00000, 0x0000000100000000)
  region size 1024K, 4 young (4096K), 4 survivors (4096K)
 Metaspace       used 11199K, committed 11584K, reserved 1114112K
  class space    used 1414K, committed 1600K, reserved 1048576K
}
Event: 9.161 GC heap before
{Heap before GC invocations=18 (full 0):
 garbage-first heap   total 119808K, used 103798K [0x00000000c1c00000, 0x0000000100000000)
  region size 1024K, 26 young (26624K), 4 survivors (4096K)
 Metaspace       used 11210K, committed 11584K, reserved 1114112K
  class space    used 1414K, committed 1600K, reserved 1048576K
}
Event: 9.168 GC heap after
{Heap after GC invocations=19 (full 0):
 garbage-first heap   total 119808K, used 87020K [0x00000000c1c00000, 0x0000000100000000)
  region size 1024K, 4 young (4096K), 4 survivors (4096K)
 Metaspace       used 11210K, committed 11584K, reserved 1114112K
  class space    used 1414K, committed 1600K, reserved 1048576K
}
Event: 9.618 GC heap before
{Heap before GC invocations=20 (full 0):
 garbage-first heap   total 150528K, used 105452K [0x00000000c1c00000, 0x0000000100000000)
  region size 1024K, 23 young (23552K), 4 survivors (4096K)
 Metaspace       used 11261K, committed 11648K, reserved 1114112K
  class space    used 1414K, committed 1600K, reserved 1048576K
}
Event: 9.628 GC heap after
{Heap after GC invocations=21 (full 0):
 garbage-first heap   total 150528K, used 91736K [0x00000000c1c00000, 0x0000000100000000)
  region size 1024K, 3 young (3072K), 3 survivors (3072K)
 Metaspace       used 11261K, committed 11648K, reserved 1114112K
  class space    used 1414K, committed 1600K, reserved 1048576K
}
Event: 10.229 GC heap before
{Heap before GC invocations=21 (full 0):
 garbage-first heap   total 150528K, used 125528K [0x00000000c1c00000, 0x0000000100000000)
  region size 1024K, 37 young (37888K), 3 survivors (3072K)
 Metaspace       used 11359K, committed 11712K, reserved 1114112K
  class space    used 1414K, committed 1600K, reserved 1048576K
}
Event: 10.236 GC heap after
{Heap after GC invocations=22 (full 0):
 garbage-first heap   total 150528K, used 100608K [0x00000000c1c00000, 0x0000000100000000)
  region size 1024K, 5 young (5120K), 5 survivors (5120K)
 Metaspace       used 11359K, committed 11712K, reserved 1114112K
  class space    used 1414K, committed 1600K, reserved 1048576K
}
Event: 10.631 GC heap before
{Heap before GC invocations=22 (full 0):
 garbage-first heap   total 150528K, used 130304K [0x00000000c1c00000, 0x0000000100000000)
  region size 1024K, 34 young (34816K), 5 survivors (5120K)
 Metaspace       used 11363K, committed 11776K, reserved 1114112K
  class space    used 1414K, committed 1600K, reserved 1048576K
}
Event: 10.638 GC heap after
{Heap after GC invocations=23 (full 0):
 garbage-first heap   total 150528K, used 108451K [0x00000000c1c00000, 0x0000000100000000)
  region size 1024K, 5 young (5120K), 5 survivors (5120K)
 Metaspace       used 11363K, committed 11776K, reserved 1114112K
  class space    used 1414K, committed 1600K, reserved 1048576K
}
Event: 10.976 GC heap before
{Heap before GC invocations=23 (full 0):
 garbage-first heap   total 150528K, used 134051K [0x00000000c1c00000, 0x0000000100000000)
  region size 1024K, 30 young (30720K), 5 survivors (5120K)
 Metaspace       used 11365K, committed 11776K, reserved 1114112K
  class space    used 1414K, committed 1600K, reserved 1048576K
}
Event: 10.983 GC heap after
{Heap after GC invocations=24 (full 0):
 garbage-first heap   total 150528K, used 114548K [0x00000000c1c00000, 0x0000000100000000)
  region size 1024K, 4 young (4096K), 4 survivors (4096K)
 Metaspace       used 11365K, committed 11776K, reserved 1114112K
  class space    used 1414K, committed 1600K, reserved 1048576K
}
Event: 11.300 GC heap before
{Heap before GC invocations=24 (full 0):
 garbage-first heap   total 150528K, used 136052K [0x00000000c1c00000, 0x0000000100000000)
  region size 1024K, 25 young (25600K), 4 survivors (4096K)
 Metaspace       used 11376K, committed 11776K, reserved 1114112K
  class space    used 1414K, committed 1600K, reserved 1048576K
}
Event: 11.306 GC heap after
{Heap after GC invocations=25 (full 0):
 garbage-first heap   total 150528K, used 120145K [0x00000000c1c00000, 0x0000000100000000)
  region size 1024K, 4 young (4096K), 4 survivors (4096K)
 Metaspace       used 11376K, committed 11776K, reserved 1114112K
  class space    used 1414K, committed 1600K, reserved 1048576K
}
Event: 11.554 GC heap before
{Heap before GC invocations=25 (full 0):
 garbage-first heap   total 150528K, used 136529K [0x00000000c1c00000, 0x0000000100000000)
  region size 1024K, 21 young (21504K), 4 survivors (4096K)
 Metaspace       used 11381K, committed 11776K, reserved 1114112K
  class space    used 1414K, committed 1600K, reserved 1048576K
}
Event: 11.560 GC heap after
{Heap after GC invocations=26 (full 0):
 garbage-first heap   total 150528K, used 124528K [0x00000000c1c00000, 0x0000000100000000)
  region size 1024K, 3 young (3072K), 3 survivors (3072K)
 Metaspace       used 11381K, committed 11776K, reserved 1114112K
  class space    used 1414K, committed 1600K, reserved 1048576K
}

